Loading embeddings...
Loaded 0 embeddings
Starting chatbot API server...
Loaded 0 embeddings
 * Serving Flask app 'api_server'
 * Debug mode: on
[31m[1mWARNING: This is a development server. Do not use it in a production deployment. Use a production WSGI server instead.[0m
 * Running on http://127.0.0.1:5001
[33mPress CTRL+C to quit[0m
 * Restarting with stat
 * Debugger is active!
 * Debugger PIN: 141-056-270
127.0.0.1 - - [07/Nov/2025 18:41:41] "GET /api/health HTTP/1.1" 200 -
127.0.0.1 - - [07/Nov/2025 18:41:45] "GET /api/health HTTP/1.1" 200 -
127.0.0.1 - - [07/Nov/2025 18:41:57] "[35m[1mPOST /api/chat HTTP/1.1[0m" 500 -
127.0.0.1 - - [07/Nov/2025 18:42:07] "[35m[1mPOST /api/chat HTTP/1.1[0m" 500 -
 * Detected change in '/Users/sb70cta/Desktop/Chatbot Hackathon/ai-mazed/chatbot_app.py', reloading
Loading embeddings...
Loaded 0 embeddings
Starting chatbot API server...
Loaded 0 embeddings
Error: attempt to get argmax of an empty sequence
Error: attempt to get argmax of an empty sequence
 * Restarting with stat
 * Debugger is active!
 * Debugger PIN: 141-056-270
